{"C:\\Users\\K Delport\\OneDrive - Stellenbosch University\\Desktop\\Octoco\\bookstore-api\\src\\index.ts": {"path":"C:\\Users\\K Delport\\OneDrive - Stellenbosch University\\Desktop\\Octoco\\bookstore-api\\src\\index.ts","statementMap":{"0":{"start":{"line":1,"column":0},"end":{"line":1,"column":30}},"1":{"start":{"line":2,"column":0},"end":{"line":2,"column":46}},"2":{"start":{"line":3,"column":0},"end":{"line":3,"column":57}},"3":{"start":{"line":5,"column":12},"end":{"line":5,"column":21}},"4":{"start":{"line":6,"column":0},"end":{"line":6,"column":24}},"5":{"start":{"line":7,"column":0},"end":{"line":7,"column":30}},"6":{"start":{"line":8,"column":0},"end":{"line":8,"column":22}},"7":{"start":{"line":10,"column":13},"end":{"line":10,"column":53}},"8":{"start":{"line":11,"column":15},"end":{"line":11,"column":91}},"9":{"start":{"line":11,"column":38},"end":{"line":11,"column":90}},"10":{"start":{"line":13,"column":9},"end":{"line":13,"column":15}},"11":{"start":{"line":14,"column":0},"end":{"line":14,"column":19}}},"fnMap":{"0":{"name":"(anonymous_1)","decl":{"start":{"line":11,"column":32},"end":{"line":11,"column":35}},"loc":{"start":{"line":11,"column":38},"end":{"line":11,"column":90}}}},"branchMap":{"0":{"loc":{"start":{"line":10,"column":22},"end":{"line":10,"column":48}},"type":"binary-expr","locations":[{"start":{"line":10,"column":22},"end":{"line":10,"column":38}},{"start":{"line":10,"column":42},"end":{"line":10,"column":48}}]}},"s":{"0":1,"1":1,"2":1,"3":1,"4":1,"5":1,"6":1,"7":1,"8":1,"9":1,"10":1,"11":1},"f":{"0":1},"b":{"0":[1,1]}}
,"C:\\Users\\K Delport\\OneDrive - Stellenbosch University\\Desktop\\Octoco\\bookstore-api\\src\\controllers\\book.controller.ts": {"path":"C:\\Users\\K Delport\\OneDrive - Stellenbosch University\\Desktop\\Octoco\\bookstore-api\\src\\controllers\\book.controller.ts","statementMap":{"0":{"start":{"line":2,"column":0},"end":{"line":2,"column":55}},"1":{"start":{"line":4,"column":13},"end":{"line":50,"column":2}},"2":{"start":{"line":6,"column":4},"end":{"line":14,"column":32}},"3":{"start":{"line":7,"column":24},"end":{"line":7,"column":33}},"4":{"start":{"line":8,"column":20},"end":{"line":12,"column":35}},"5":{"start":{"line":10,"column":19},"end":{"line":10,"column":76}},"6":{"start":{"line":13,"column":6},"end":{"line":13,"column":22}},"7":{"start":{"line":14,"column":20},"end":{"line":14,"column":30}},"8":{"start":{"line":18,"column":4},"end":{"line":20,"column":32}},"9":{"start":{"line":19,"column":6},"end":{"line":19,"column":63}},"10":{"start":{"line":20,"column":20},"end":{"line":20,"column":30}},"11":{"start":{"line":24,"column":4},"end":{"line":26,"column":32}},"12":{"start":{"line":25,"column":6},"end":{"line":25,"column":61}},"13":{"start":{"line":26,"column":20},"end":{"line":26,"column":30}},"14":{"start":{"line":30,"column":4},"end":{"line":32,"column":32}},"15":{"start":{"line":31,"column":6},"end":{"line":31,"column":72}},"16":{"start":{"line":32,"column":20},"end":{"line":32,"column":30}},"17":{"start":{"line":36,"column":4},"end":{"line":39,"column":32}},"18":{"start":{"line":37,"column":6},"end":{"line":37,"column":52}},"19":{"start":{"line":38,"column":6},"end":{"line":38,"column":29}},"20":{"start":{"line":39,"column":20},"end":{"line":39,"column":30}},"21":{"start":{"line":43,"column":4},"end":{"line":48,"column":32}},"22":{"start":{"line":44,"column":34},"end":{"line":44,"column":43}},"23":{"start":{"line":45,"column":6},"end":{"line":46,"column":87}},"24":{"start":{"line":46,"column":8},"end":{"line":46,"column":87}},"25":{"start":{"line":47,"column":6},"end":{"line":47,"column":82}},"26":{"start":{"line":48,"column":20},"end":{"line":48,"column":30}}},"fnMap":{"0":{"name":"(anonymous_0)","decl":{"start":{"line":5,"column":10},"end":{"line":5,"column":11}},"loc":{"start":{"line":5,"column":62},"end":{"line":15,"column":3}}},"1":{"name":"(anonymous_1)","decl":{"start":{"line":10,"column":12},"end":{"line":10,"column":13}},"loc":{"start":{"line":10,"column":19},"end":{"line":10,"column":76}}},"2":{"name":"(anonymous_2)","decl":{"start":{"line":17,"column":11},"end":{"line":17,"column":12}},"loc":{"start":{"line":17,"column":63},"end":{"line":21,"column":3}}},"3":{"name":"(anonymous_3)","decl":{"start":{"line":23,"column":10},"end":{"line":23,"column":11}},"loc":{"start":{"line":23,"column":62},"end":{"line":27,"column":3}}},"4":{"name":"(anonymous_4)","decl":{"start":{"line":29,"column":10},"end":{"line":29,"column":11}},"loc":{"start":{"line":29,"column":62},"end":{"line":33,"column":3}}},"5":{"name":"(anonymous_5)","decl":{"start":{"line":35,"column":10},"end":{"line":35,"column":11}},"loc":{"start":{"line":35,"column":62},"end":{"line":40,"column":3}}},"6":{"name":"(anonymous_6)","decl":{"start":{"line":42,"column":22},"end":{"line":42,"column":23}},"loc":{"start":{"line":42,"column":74},"end":{"line":49,"column":3}}}},"branchMap":{"0":{"loc":{"start":{"line":8,"column":20},"end":{"line":12,"column":35}},"type":"cond-expr","locations":[{"start":{"line":9,"column":10},"end":{"line":10,"column":null}},{"start":{"line":12,"column":10},"end":{"line":12,"column":35}}]},"1":{"loc":{"start":{"line":45,"column":6},"end":{"line":46,"column":87}},"type":"if","locations":[{"start":{"line":45,"column":6},"end":{"line":46,"column":87}},{"start":{},"end":{}}]},"2":{"loc":{"start":{"line":45,"column":10},"end":{"line":45,"column":42}},"type":"binary-expr","locations":[{"start":{"line":45,"column":10},"end":{"line":45,"column":16}},{"start":{"line":45,"column":20},"end":{"line":45,"column":42}}]}},"s":{"0":1,"1":1,"2":1,"3":1,"4":1,"5":0,"6":1,"7":0,"8":1,"9":1,"10":1,"11":2,"12":2,"13":0,"14":0,"15":0,"16":0,"17":1,"18":1,"19":1,"20":0,"21":1,"22":1,"23":1,"24":0,"25":1,"26":0},"f":{"0":1,"1":0,"2":1,"3":2,"4":0,"5":1,"6":1},"b":{"0":[0,1],"1":[0,1],"2":[1,1]}}
,"C:\\Users\\K Delport\\OneDrive - Stellenbosch University\\Desktop\\Octoco\\bookstore-api\\src\\middleware\\errorHandler.ts": {"path":"C:\\Users\\K Delport\\OneDrive - Stellenbosch University\\Desktop\\Octoco\\bookstore-api\\src\\middleware\\errorHandler.ts","statementMap":{"0":{"start":{"line":3,"column":28},"end":{"line":7,"column":1}},"1":{"start":{"line":4,"column":17},"end":{"line":4,"column":34}},"2":{"start":{"line":5,"column":18},"end":{"line":5,"column":56}},"3":{"start":{"line":6,"column":2},"end":{"line":6,"column":46}},"4":{"start":{"line":3,"column":13},"end":{"line":3,"column":28}}},"fnMap":{"0":{"name":"(anonymous_0)","decl":{"start":{"line":3,"column":28},"end":{"line":3,"column":29}},"loc":{"start":{"line":3,"column":90},"end":{"line":7,"column":1}}}},"branchMap":{"0":{"loc":{"start":{"line":4,"column":17},"end":{"line":4,"column":34}},"type":"binary-expr","locations":[{"start":{"line":4,"column":17},"end":{"line":4,"column":27}},{"start":{"line":4,"column":31},"end":{"line":4,"column":34}}]},"1":{"loc":{"start":{"line":5,"column":18},"end":{"line":5,"column":56}},"type":"binary-expr","locations":[{"start":{"line":5,"column":18},"end":{"line":5,"column":29}},{"start":{"line":5,"column":33},"end":{"line":5,"column":56}}]}},"s":{"0":1,"1":1,"2":1,"3":1,"4":1},"f":{"0":1},"b":{"0":[1,0],"1":[1,0]}}
,"C:\\Users\\K Delport\\OneDrive - Stellenbosch University\\Desktop\\Octoco\\bookstore-api\\src\\repositories\\book.repository.ts": {"path":"C:\\Users\\K Delport\\OneDrive - Stellenbosch University\\Desktop\\Octoco\\bookstore-api\\src\\repositories\\book.repository.ts","statementMap":{"0":{"start":{"line":3,"column":20},"end":{"line":6,"column":2}},"1":{"start":{"line":7,"column":13},"end":{"line":7,"column":14}},"2":{"start":{"line":9,"column":13},"end":{"line":37,"column":2}},"3":{"start":{"line":10,"column":25},"end":{"line":10,"column":30}},"4":{"start":{"line":13,"column":4},"end":{"line":13,"column":34}},"5":{"start":{"line":13,"column":22},"end":{"line":13,"column":33}},"6":{"start":{"line":16,"column":4},"end":{"line":16,"column":70}},"7":{"start":{"line":16,"column":24},"end":{"line":16,"column":69}},"8":{"start":{"line":19,"column":17},"end":{"line":19,"column":42}},"9":{"start":{"line":20,"column":4},"end":{"line":20,"column":21}},"10":{"start":{"line":21,"column":4},"end":{"line":21,"column":16}},"11":{"start":{"line":25,"column":18},"end":{"line":25,"column":53}},"12":{"start":{"line":25,"column":41},"end":{"line":25,"column":52}},"13":{"start":{"line":26,"column":4},"end":{"line":26,"column":39}},"14":{"start":{"line":26,"column":22},"end":{"line":26,"column":39}},"15":{"start":{"line":27,"column":4},"end":{"line":27,"column":48}},"16":{"start":{"line":28,"column":4},"end":{"line":28,"column":24}},"17":{"start":{"line":32,"column":18},"end":{"line":32,"column":53}},"18":{"start":{"line":32,"column":41},"end":{"line":32,"column":52}},"19":{"start":{"line":33,"column":4},"end":{"line":33,"column":35}},"20":{"start":{"line":33,"column":22},"end":{"line":33,"column":35}},"21":{"start":{"line":34,"column":4},"end":{"line":34,"column":27}},"22":{"start":{"line":35,"column":4},"end":{"line":35,"column":16}},"23":{"start":{"line":39,"column":26},"end":{"line":45,"column":1}},"24":{"start":{"line":40,"column":2},"end":{"line":43,"column":4}},"25":{"start":{"line":44,"column":2},"end":{"line":44,"column":13}},"26":{"start":{"line":39,"column":13},"end":{"line":39,"column":26}}},"fnMap":{"0":{"name":"(anonymous_0)","decl":{"start":{"line":10,"column":11},"end":{"line":10,"column":22}},"loc":{"start":{"line":10,"column":25},"end":{"line":10,"column":30}}},"1":{"name":"(anonymous_1)","decl":{"start":{"line":12,"column":12},"end":{"line":12,"column":13}},"loc":{"start":{"line":13,"column":4},"end":{"line":13,"column":34}}},"2":{"name":"(anonymous_2)","decl":{"start":{"line":13,"column":15},"end":{"line":13,"column":16}},"loc":{"start":{"line":13,"column":22},"end":{"line":13,"column":33}}},"3":{"name":"(anonymous_3)","decl":{"start":{"line":15,"column":15},"end":{"line":15,"column":16}},"loc":{"start":{"line":16,"column":4},"end":{"line":16,"column":70}}},"4":{"name":"(anonymous_4)","decl":{"start":{"line":16,"column":17},"end":{"line":16,"column":18}},"loc":{"start":{"line":16,"column":24},"end":{"line":16,"column":69}}},"5":{"name":"(anonymous_5)","decl":{"start":{"line":18,"column":10},"end":{"line":18,"column":11}},"loc":{"start":{"line":18,"column":43},"end":{"line":22,"column":3}}},"6":{"name":"(anonymous_6)","decl":{"start":{"line":24,"column":10},"end":{"line":24,"column":11}},"loc":{"start":{"line":24,"column":76},"end":{"line":29,"column":3}}},"7":{"name":"(anonymous_7)","decl":{"start":{"line":25,"column":34},"end":{"line":25,"column":35}},"loc":{"start":{"line":25,"column":41},"end":{"line":25,"column":52}}},"8":{"name":"(anonymous_8)","decl":{"start":{"line":31,"column":10},"end":{"line":31,"column":11}},"loc":{"start":{"line":31,"column":34},"end":{"line":36,"column":3}}},"9":{"name":"(anonymous_9)","decl":{"start":{"line":32,"column":34},"end":{"line":32,"column":35}},"loc":{"start":{"line":32,"column":41},"end":{"line":32,"column":52}}},"10":{"name":"(anonymous_10)","decl":{"start":{"line":39,"column":26},"end":{"line":39,"column":29}},"loc":{"start":{"line":39,"column":31},"end":{"line":45,"column":1}}}},"branchMap":{"0":{"loc":{"start":{"line":26,"column":4},"end":{"line":26,"column":39}},"type":"if","locations":[{"start":{"line":26,"column":4},"end":{"line":26,"column":39}},{"start":{},"end":{}}]},"1":{"loc":{"start":{"line":33,"column":4},"end":{"line":33,"column":35}},"type":"if","locations":[{"start":{"line":33,"column":4},"end":{"line":33,"column":35}},{"start":{},"end":{}}]}},"s":{"0":2,"1":2,"2":2,"3":1,"4":2,"5":5,"6":5,"7":11,"8":3,"9":3,"10":3,"11":0,"12":0,"13":0,"14":0,"15":0,"16":0,"17":2,"18":6,"19":2,"20":1,"21":1,"22":1,"23":2,"24":10,"25":10,"26":2},"f":{"0":1,"1":2,"2":5,"3":5,"4":11,"5":3,"6":0,"7":0,"8":2,"9":6,"10":10},"b":{"0":[0,0],"1":[1,1]}}
,"C:\\Users\\K Delport\\OneDrive - Stellenbosch University\\Desktop\\Octoco\\bookstore-api\\src\\routes\\book.routes.ts": {"path":"C:\\Users\\K Delport\\OneDrive - Stellenbosch University\\Desktop\\Octoco\\bookstore-api\\src\\routes\\book.routes.ts","statementMap":{"0":{"start":{"line":1,"column":0},"end":{"line":1,"column":33}},"1":{"start":{"line":2,"column":0},"end":{"line":2,"column":64}},"2":{"start":{"line":4,"column":15},"end":{"line":4,"column":23}},"3":{"start":{"line":6,"column":0},"end":{"line":6,"column":67}},"4":{"start":{"line":7,"column":0},"end":{"line":7,"column":39}},"5":{"start":{"line":8,"column":0},"end":{"line":8,"column":43}},"6":{"start":{"line":9,"column":0},"end":{"line":9,"column":40}},"7":{"start":{"line":10,"column":0},"end":{"line":10,"column":42}},"8":{"start":{"line":11,"column":0},"end":{"line":11,"column":45}},"9":{"start":{"line":13,"column":0},"end":{"line":13,"column":22}}},"fnMap":{},"branchMap":{},"s":{"0":1,"1":1,"2":1,"3":1,"4":1,"5":1,"6":1,"7":1,"8":1,"9":1},"f":{},"b":{}}
,"C:\\Users\\K Delport\\OneDrive - Stellenbosch University\\Desktop\\Octoco\\bookstore-api\\src\\services\\book.service.ts": {"path":"C:\\Users\\K Delport\\OneDrive - Stellenbosch University\\Desktop\\Octoco\\bookstore-api\\src\\services\\book.service.ts","statementMap":{"0":{"start":{"line":1,"column":0},"end":{"line":1,"column":65}},"1":{"start":{"line":4,"column":13},"end":{"line":48,"column":2}},"2":{"start":{"line":5,"column":29},"end":{"line":5,"column":53}},"3":{"start":{"line":8,"column":4},"end":{"line":8,"column":73}},"4":{"start":{"line":8,"column":19},"end":{"line":8,"column":73}},"5":{"start":{"line":9,"column":17},"end":{"line":9,"column":44}},"6":{"start":{"line":10,"column":4},"end":{"line":10,"column":78}},"7":{"start":{"line":10,"column":15},"end":{"line":10,"column":78}},"8":{"start":{"line":11,"column":4},"end":{"line":11,"column":16}},"9":{"start":{"line":15,"column":4},"end":{"line":16,"column":84}},"10":{"start":{"line":16,"column":6},"end":{"line":16,"column":84}},"11":{"start":{"line":17,"column":4},"end":{"line":18,"column":72}},"12":{"start":{"line":18,"column":6},"end":{"line":18,"column":72}},"13":{"start":{"line":19,"column":4},"end":{"line":19,"column":39}},"14":{"start":{"line":23,"column":4},"end":{"line":23,"column":73}},"15":{"start":{"line":23,"column":19},"end":{"line":23,"column":73}},"16":{"start":{"line":24,"column":4},"end":{"line":25,"column":72}},"17":{"start":{"line":25,"column":6},"end":{"line":25,"column":72}},"18":{"start":{"line":26,"column":17},"end":{"line":26,"column":48}},"19":{"start":{"line":27,"column":4},"end":{"line":27,"column":78}},"20":{"start":{"line":27,"column":15},"end":{"line":27,"column":78}},"21":{"start":{"line":28,"column":4},"end":{"line":28,"column":16}},"22":{"start":{"line":32,"column":4},"end":{"line":32,"column":73}},"23":{"start":{"line":32,"column":19},"end":{"line":32,"column":73}},"24":{"start":{"line":33,"column":20},"end":{"line":33,"column":45}},"25":{"start":{"line":34,"column":4},"end":{"line":34,"column":81}},"26":{"start":{"line":34,"column":18},"end":{"line":34,"column":81}},"27":{"start":{"line":38,"column":4},"end":{"line":38,"column":85}},"28":{"start":{"line":38,"column":25},"end":{"line":38,"column":85}},"29":{"start":{"line":39,"column":4},"end":{"line":40,"column":75}},"30":{"start":{"line":40,"column":6},"end":{"line":40,"column":75}},"31":{"start":{"line":41,"column":18},"end":{"line":41,"column":51}},"32":{"start":{"line":42,"column":4},"end":{"line":43,"column":75}},"33":{"start":{"line":43,"column":6},"end":{"line":43,"column":75}},"34":{"start":{"line":44,"column":18},"end":{"line":44,"column":60}},"35":{"start":{"line":44,"column":43},"end":{"line":44,"column":56}},"36":{"start":{"line":45,"column":28},"end":{"line":45,"column":85}},"37":{"start":{"line":46,"column":4},"end":{"line":46,"column":93}}},"fnMap":{"0":{"name":"(anonymous_0)","decl":{"start":{"line":5,"column":15},"end":{"line":5,"column":26}},"loc":{"start":{"line":5,"column":29},"end":{"line":5,"column":53}}},"1":{"name":"(anonymous_1)","decl":{"start":{"line":7,"column":15},"end":{"line":7,"column":16}},"loc":{"start":{"line":7,"column":36},"end":{"line":12,"column":3}}},"2":{"name":"(anonymous_2)","decl":{"start":{"line":14,"column":14},"end":{"line":14,"column":15}},"loc":{"start":{"line":14,"column":47},"end":{"line":20,"column":3}}},"3":{"name":"(anonymous_3)","decl":{"start":{"line":22,"column":14},"end":{"line":22,"column":15}},"loc":{"start":{"line":22,"column":68},"end":{"line":29,"column":3}}},"4":{"name":"(anonymous_4)","decl":{"start":{"line":31,"column":14},"end":{"line":31,"column":15}},"loc":{"start":{"line":31,"column":35},"end":{"line":35,"column":3}}},"5":{"name":"(anonymous_5)","decl":{"start":{"line":37,"column":22},"end":{"line":37,"column":23}},"loc":{"start":{"line":37,"column":58},"end":{"line":47,"column":3}}},"6":{"name":"(anonymous_6)","decl":{"start":{"line":44,"column":31},"end":{"line":44,"column":32}},"loc":{"start":{"line":44,"column":43},"end":{"line":44,"column":56}}}},"branchMap":{"0":{"loc":{"start":{"line":8,"column":4},"end":{"line":8,"column":73}},"type":"if","locations":[{"start":{"line":8,"column":4},"end":{"line":8,"column":73}},{"start":{},"end":{}}]},"1":{"loc":{"start":{"line":10,"column":4},"end":{"line":10,"column":78}},"type":"if","locations":[{"start":{"line":10,"column":4},"end":{"line":10,"column":78}},{"start":{},"end":{}}]},"2":{"loc":{"start":{"line":15,"column":4},"end":{"line":16,"column":84}},"type":"if","locations":[{"start":{"line":15,"column":4},"end":{"line":16,"column":84}},{"start":{},"end":{}}]},"3":{"loc":{"start":{"line":15,"column":8},"end":{"line":15,"column":72}},"type":"binary-expr","locations":[{"start":{"line":15,"column":8},"end":{"line":15,"column":19}},{"start":{"line":15,"column":23},"end":{"line":15,"column":35}},{"start":{"line":15,"column":39},"end":{"line":15,"column":50}},{"start":{"line":15,"column":54},"end":{"line":15,"column":72}}]},"4":{"loc":{"start":{"line":17,"column":4},"end":{"line":18,"column":72}},"type":"if","locations":[{"start":{"line":17,"column":4},"end":{"line":18,"column":72}},{"start":{},"end":{}}]},"5":{"loc":{"start":{"line":23,"column":4},"end":{"line":23,"column":73}},"type":"if","locations":[{"start":{"line":23,"column":4},"end":{"line":23,"column":73}},{"start":{},"end":{}}]},"6":{"loc":{"start":{"line":24,"column":4},"end":{"line":25,"column":72}},"type":"if","locations":[{"start":{"line":24,"column":4},"end":{"line":25,"column":72}},{"start":{},"end":{}}]},"7":{"loc":{"start":{"line":24,"column":8},"end":{"line":24,"column":50}},"type":"binary-expr","locations":[{"start":{"line":24,"column":8},"end":{"line":24,"column":32}},{"start":{"line":24,"column":36},"end":{"line":24,"column":50}}]},"8":{"loc":{"start":{"line":27,"column":4},"end":{"line":27,"column":78}},"type":"if","locations":[{"start":{"line":27,"column":4},"end":{"line":27,"column":78}},{"start":{},"end":{}}]},"9":{"loc":{"start":{"line":32,"column":4},"end":{"line":32,"column":73}},"type":"if","locations":[{"start":{"line":32,"column":4},"end":{"line":32,"column":73}},{"start":{},"end":{}}]},"10":{"loc":{"start":{"line":34,"column":4},"end":{"line":34,"column":81}},"type":"if","locations":[{"start":{"line":34,"column":4},"end":{"line":34,"column":81}},{"start":{},"end":{}}]},"11":{"loc":{"start":{"line":38,"column":4},"end":{"line":38,"column":85}},"type":"if","locations":[{"start":{"line":38,"column":4},"end":{"line":38,"column":85}},{"start":{},"end":{}}]},"12":{"loc":{"start":{"line":39,"column":4},"end":{"line":40,"column":75}},"type":"if","locations":[{"start":{"line":39,"column":4},"end":{"line":40,"column":75}},{"start":{},"end":{}}]},"13":{"loc":{"start":{"line":39,"column":8},"end":{"line":39,"column":38}},"type":"binary-expr","locations":[{"start":{"line":39,"column":8},"end":{"line":39,"column":20}},{"start":{"line":39,"column":24},"end":{"line":39,"column":38}}]},"14":{"loc":{"start":{"line":42,"column":4},"end":{"line":43,"column":75}},"type":"if","locations":[{"start":{"line":42,"column":4},"end":{"line":43,"column":75}},{"start":{},"end":{}}]}},"s":{"0":2,"1":2,"2":1,"3":2,"4":0,"5":2,"6":2,"7":2,"8":0,"9":4,"10":0,"11":4,"12":1,"13":3,"14":0,"15":0,"16":0,"17":0,"18":0,"19":0,"20":0,"21":0,"22":2,"23":0,"24":2,"25":2,"26":1,"27":7,"28":0,"29":7,"30":2,"31":5,"32":5,"33":1,"34":4,"35":8,"36":4,"37":4},"f":{"0":1,"1":2,"2":4,"3":0,"4":2,"5":7,"6":8},"b":{"0":[0,2],"1":[2,0],"2":[0,4],"3":[4,4,4,4],"4":[1,3],"5":[0,0],"6":[0,0],"7":[0,0],"8":[0,0],"9":[0,2],"10":[1,1],"11":[0,7],"12":[2,5],"13":[7,6],"14":[1,4]}}
}
