TN:
SF:src\index.ts
FN:11,(anonymous_1)
FNF:1
FNH:1
FNDA:1,(anonymous_1)
DA:1,1
DA:2,1
DA:3,1
DA:5,1
DA:6,1
DA:7,1
DA:8,1
DA:10,1
DA:11,1
DA:13,1
DA:14,1
LF:11
LH:11
BRDA:10,0,0,1
BRDA:10,0,1,1
BRF:2
BRH:2
end_of_record
TN:
SF:src\controllers\book.controller.ts
FN:5,(anonymous_0)
FN:10,(anonymous_1)
FN:17,(anonymous_2)
FN:23,(anonymous_3)
FN:29,(anonymous_4)
FN:35,(anonymous_5)
FN:42,(anonymous_6)
FNF:7
FNH:5
FNDA:1,(anonymous_0)
FNDA:0,(anonymous_1)
FNDA:1,(anonymous_2)
FNDA:2,(anonymous_3)
FNDA:0,(anonymous_4)
FNDA:1,(anonymous_5)
FNDA:1,(anonymous_6)
DA:2,1
DA:4,1
DA:6,1
DA:7,1
DA:8,1
DA:10,0
DA:13,1
DA:14,0
DA:18,1
DA:19,1
DA:20,1
DA:24,2
DA:25,2
DA:26,0
DA:30,0
DA:31,0
DA:32,0
DA:36,1
DA:37,1
DA:38,1
DA:39,0
DA:43,1
DA:44,1
DA:45,1
DA:46,0
DA:47,1
DA:48,0
LF:27
LH:18
BRDA:8,0,0,0
BRDA:8,0,1,1
BRDA:45,1,0,0
BRDA:45,1,1,1
BRDA:45,2,0,1
BRDA:45,2,1,1
BRF:6
BRH:4
end_of_record
TN:
SF:src\middleware\errorHandler.ts
FN:3,(anonymous_0)
FNF:1
FNH:1
FNDA:1,(anonymous_0)
DA:3,1
DA:4,1
DA:5,1
DA:6,1
LF:4
LH:4
BRDA:4,0,0,1
BRDA:4,0,1,0
BRDA:5,1,0,1
BRDA:5,1,1,0
BRF:4
BRH:2
end_of_record
TN:
SF:src\repositories\book.repository.ts
FN:10,(anonymous_0)
FN:12,(anonymous_1)
FN:13,(anonymous_2)
FN:15,(anonymous_3)
FN:16,(anonymous_4)
FN:18,(anonymous_5)
FN:24,(anonymous_6)
FN:25,(anonymous_7)
FN:31,(anonymous_8)
FN:32,(anonymous_9)
FN:39,(anonymous_10)
FNF:11
FNH:9
FNDA:1,(anonymous_0)
FNDA:2,(anonymous_1)
FNDA:5,(anonymous_2)
FNDA:5,(anonymous_3)
FNDA:11,(anonymous_4)
FNDA:3,(anonymous_5)
FNDA:0,(anonymous_6)
FNDA:0,(anonymous_7)
FNDA:2,(anonymous_8)
FNDA:6,(anonymous_9)
FNDA:10,(anonymous_10)
DA:3,2
DA:7,2
DA:9,2
DA:10,1
DA:13,5
DA:16,11
DA:19,3
DA:20,3
DA:21,3
DA:25,0
DA:26,0
DA:27,0
DA:28,0
DA:32,6
DA:33,2
DA:34,1
DA:35,1
DA:39,2
DA:40,10
DA:44,10
LF:20
LH:16
BRDA:26,0,0,0
BRDA:26,0,1,0
BRDA:33,1,0,1
BRDA:33,1,1,1
BRF:4
BRH:2
end_of_record
TN:
SF:src\routes\book.routes.ts
FNF:0
FNH:0
DA:1,1
DA:2,1
DA:4,1
DA:6,1
DA:7,1
DA:8,1
DA:9,1
DA:10,1
DA:11,1
DA:13,1
LF:10
LH:10
BRF:0
BRH:0
end_of_record
TN:
SF:src\services\book.service.ts
FN:5,(anonymous_0)
FN:7,(anonymous_1)
FN:14,(anonymous_2)
FN:22,(anonymous_3)
FN:31,(anonymous_4)
FN:37,(anonymous_5)
FN:44,(anonymous_6)
FNF:7
FNH:6
FNDA:1,(anonymous_0)
FNDA:2,(anonymous_1)
FNDA:4,(anonymous_2)
FNDA:0,(anonymous_3)
FNDA:2,(anonymous_4)
FNDA:7,(anonymous_5)
FNDA:8,(anonymous_6)
DA:1,2
DA:4,2
DA:5,1
DA:8,2
DA:9,2
DA:10,2
DA:11,0
DA:15,4
DA:16,0
DA:17,4
DA:18,1
DA:19,3
DA:23,0
DA:24,0
DA:25,0
DA:26,0
DA:27,0
DA:28,0
DA:32,2
DA:33,2
DA:34,2
DA:38,7
DA:39,7
DA:40,2
DA:41,5
DA:42,5
DA:43,1
DA:44,8
DA:45,4
DA:46,4
LF:30
LH:22
BRDA:8,0,0,0
BRDA:8,0,1,2
BRDA:10,1,0,2
BRDA:10,1,1,0
BRDA:15,2,0,0
BRDA:15,2,1,4
BRDA:15,3,0,4
BRDA:15,3,1,4
BRDA:15,3,2,4
BRDA:15,3,3,4
BRDA:17,4,0,1
BRDA:17,4,1,3
BRDA:23,5,0,0
BRDA:23,5,1,0
BRDA:24,6,0,0
BRDA:24,6,1,0
BRDA:24,7,0,0
BRDA:24,7,1,0
BRDA:27,8,0,0
BRDA:27,8,1,0
BRDA:32,9,0,0
BRDA:32,9,1,2
BRDA:34,10,0,1
BRDA:34,10,1,1
BRDA:38,11,0,0
BRDA:38,11,1,7
BRDA:39,12,0,2
BRDA:39,12,1,5
BRDA:39,13,0,7
BRDA:39,13,1,6
BRDA:42,14,0,1
BRDA:42,14,1,4
BRF:32
BRH:19
end_of_record
